-------------------------------------------------------------------------------
Test set: runners.TestRunner
-------------------------------------------------------------------------------
Tests run: 1, Failures: 1, Errors: 0, Skipped: 0, Time elapsed: 40.65 s <<< FAILURE! -- in runners.TestRunner
Car valuation verification.Validate car registration values from input -- Time elapsed: 40.38 s <<< FAILURE!
java.lang.AssertionError: 
FAIL -  No data returned from site for: BW57BOF
FAIL -  No data returned from site for: SG18HTN

	at utils.OutputChecker.compareResults(OutputChecker.java:31)
	at stepdefinitions.CarValuationSteps.i_compare_results_with_expected_output(CarValuationSteps.java:34)
	at âœ½.I compare the results with expected output from "car_output - V6.txt"(file:///Users/jamesvarghese/IdeaProjects/car-valuation-test/src/test/resources/features/car_validation.feature:6)

